
──────────────────────────────────────────────────
Test: RC filter
──────────────────────────────────────────────────
  ckt      : rc_filter
  port_in  : vin
  port_out : vout @ None
  mc              nodes=['res'] value=
  mc              nodes=['mc'] value=10k
  cap             nodes=['gnd'] value=100n
  SEMANTIC: Node 'res' only appears once — possible floating connection
  SEMANTIC: Node 'mc' only appears once — possible floating connection

──────────────────────────────────────────────────
Test: Voltage source
──────────────────────────────────────────────────
  ckt      : dc_circuit
  port_in  : vin
  port_out : vout @ None
  mc              nodes=['vol', 'vin'] value=
  gnd             nodes=['res'] value=5V
  mc              nodes=['mc'] value=10k
  cap             nodes=['gnd'] value=100n
  SEMANTIC: Node 'vol' only appears once — possible floating connection
  SEMANTIC: Node 'res' only appears once — possible floating connection
  SEMANTIC: Node 'mc' only appears once — possible floating connection

──────────────────────────────────────────────────
Test: NPN amplifier
──────────────────────────────────────────────────
  ckt      : npn_amplifier
  port_in  : vin
  port_out : vout @ None
  out             nodes=['vol', 'vcc'] value=
  gnd             nodes=['res'] value=9V
  base            nodes=['base'] value=100k
  res             nodes=['gnd'] value=10k
  bjt_npn         nodes=['base', 'out'] value=
  gnd             nodes=['bc547', 'res'] value=
  out             nodes=['cap'] value=1k
  base            nodes=['vin'] value=10uF
  SEMANTIC: Node 'vol' only appears once — possible floating connection
  SEMANTIC: Node 'out' only appears once — possible floating connection
  SEMANTIC: Node 'bc547' only appears once — possible floating connection
  SEMANTIC: Node 'cap' only appears once — possible floating connection

──────────────────────────────────────────────────
Test: CMOS inverter
──────────────────────────────────────────────────
  ckt      : cmos_inverter
  port_in  : vin
  port_out : vout @ None
  out             nodes=['vol'] value=
  vdd             nodes=['gnd'] value=3.3V
  pmos            nodes=['vin', 'out'] value=
  vdd             nodes=['vdd', 'pmos_model'] value=
  nmos            nodes=['vin', 'out'] value=
  gnd             nodes=['gnd', 'nmos_model'] value=
  SEMANTIC: Node 'vol' only appears once — possible floating connection
  SEMANTIC: Node 'pmos_model' only appears once — possible floating connection
  SEMANTIC: Node 'nmos_model' only appears once — possible floating connection

──────────────────────────────────────────────────
Test: User defined component
──────────────────────────────────────────────────
registered bc547 → Device:Q_NPN_BCE
  ckt      : custom_circuit
  port_in  : vin
  port_out : vout @ None
  out             nodes=['bc547', 'base'] value=
  out             nodes=['gnd', 'res'] value=
  base            nodes=['vin'] value=100k
  SEMANTIC: Node 'bc547' only appears once — possible floating connection
  SEMANTIC: Node 'base' only appears once — possible floating connection
  SEMANTIC: Node 'res' only appears once — possible floating connection

──────────────────────────────────────────────────
Test: Cascaded subcircuits
──────────────────────────────────────────────────
  ckt      : rc_stage
  port_in  : vin
  port_out : vout @ None
  mc              nodes=['res'] value=
  mc              nodes=['mc'] value=10k
  cap             nodes=['gnd'] value=100n
  SEMANTIC: Node 'res' only appears once — possible floating connection
  SEMANTIC: Node 'mc' only appears once — possible floating connection
  ckt      : dual_rc
  port_in  : vin
  port_out : vout @ None
  mid2            nodes=['use'] value=
  rc_stage        nodes=['vin', 'mid1', 'use', 'rc_stage', 'mid1', 'mid2'] value=
  SEMANTIC: No GND node found
  SEMANTIC: Node 'rc_stage' only appears once — possible floating connection
  SEMANTIC: Node 'mid2' only appears once — possible floating connection

==================================================
Results: 6 passed  0 failed
==================================================
